Determining if the include file pthread.h exists failed with the following output:
Change Dir: E:/Study/nanomsg-1.1.2/nanomsg-1.1.2/build/CMakeFiles/CMakeTmp

Run Build Command:"C:/Program Files (x86)/MSBuild/14.0/bin/MSBuild.exe" "cmTC_dd0e7.vcxproj" "/p:Configuration=Debug" "/p:VisualStudioVersion=14.0"
Microsoft (R) 生成引擎版本 14.0.24720.0
版权所有(C) Microsoft Corporation。保留所有权利。

生成启动时间为 2018/5/9 17:24:44。
项目中不存在 BeforeTargets 特性中的“C:\Program Files (x86)\MSBuild\Microsoft\NuGet\Microsoft.NuGet.targets (186,61)”位置列出的目标“BeforeGenerateProjectPriFile”，将忽略该目标。
节点 1 上的项目“E:\Study\nanomsg-1.1.2\nanomsg-1.1.2\build\CMakeFiles\CMakeTmp\cmTC_dd0e7.vcxproj”(默认目标)。
PrepareForBuild:
  正在创建目录“cmTC_dd0e7.dir\Debug\”。
  正在创建目录“E:\Study\nanomsg-1.1.2\nanomsg-1.1.2\build\CMakeFiles\CMakeTmp\Debug\”。
  正在创建目录“cmTC_dd0e7.dir\Debug\cmTC_dd0e7.tlog\”。
InitializeBuildStatus:
  正在创建“cmTC_dd0e7.dir\Debug\cmTC_dd0e7.tlog\unsuccessfulbuild”，因为已指定“AlwaysCreate”。
ClCompile:
  D:\Program Files (x86)\Microsoft Visual Studio 14.0\VC\bin\CL.exe /c /Zi /W3 /WX- /Od /Ob0 /Oy- /D WIN32 /D _WINDOWS /D "CMAKE_INTDIR=\"Debug\"" /D _MBCS /Gm- /RTC1 /MDd /GS /fp:precise /Zc:wchar_t /Zc:forScope /Zc:inline /Fo"cmTC_dd0e7.dir\Debug\\" /Fd"cmTC_dd0e7.dir\Debug\vc140.pdb" /Gd /TC /analyze- /errorReport:queue "E:\Study\nanomsg-1.1.2\nanomsg-1.1.2\build\CMakeFiles\CMakeTmp\CheckIncludeFile.c"
  用于 x86 的 Microsoft (R) C/C++ 优化编译器 19.00.23506 版
  版权所有(C) Microsoft Corporation。保留所有权利。
  
  cl /c /Zi /W3 /WX- /Od /Ob0 /Oy- /D WIN32 /D _WINDOWS /D "CMAKE_INTDIR=\"Debug\"" /D _MBCS /Gm- /RTC1 /MDd /GS /fp:precise /Zc:wchar_t /Zc:forScope /Zc:inline /Fo"cmTC_dd0e7.dir\Debug\\" /Fd"cmTC_dd0e7.dir\Debug\vc140.pdb" /Gd /TC /analyze- /errorReport:queue "E:\Study\nanomsg-1.1.2\nanomsg-1.1.2\build\CMakeFiles\CMakeTmp\CheckIncludeFile.c"
  
  CheckIncludeFile.c
E:\Study\nanomsg-1.1.2\nanomsg-1.1.2\build\CMakeFiles\CMakeTmp\CheckIncludeFile.c(1): fatal error C1083: 无法打开包括文件: “pthread.h”: No such file or directory [E:\Study\nanomsg-1.1.2\nanomsg-1.1.2\build\CMakeFiles\CMakeTmp\cmTC_dd0e7.vcxproj]
已完成生成项目“E:\Study\nanomsg-1.1.2\nanomsg-1.1.2\build\CMakeFiles\CMakeTmp\cmTC_dd0e7.vcxproj”(默认目标)的操作 - 失败。

生成失败。

“E:\Study\nanomsg-1.1.2\nanomsg-1.1.2\build\CMakeFiles\CMakeTmp\cmTC_dd0e7.vcxproj”(默认目标) (1) ->
(ClCompile 目标) -> 
  E:\Study\nanomsg-1.1.2\nanomsg-1.1.2\build\CMakeFiles\CMakeTmp\CheckIncludeFile.c(1): fatal error C1083: 无法打开包括文件: “pthread.h”: No such file or directory [E:\Study\nanomsg-1.1.2\nanomsg-1.1.2\build\CMakeFiles\CMakeTmp\cmTC_dd0e7.vcxproj]

    0 个警告
    1 个错误

已用时间 00:00:00.32


Performing C SOURCE FILE Test NN_HAVE_GCC_ATOMIC_BUILTINS failed with the following output:
Change Dir: E:/Study/nanomsg-1.1.2/nanomsg-1.1.2/build/CMakeFiles/CMakeTmp

Run Build Command:"C:/Program Files (x86)/MSBuild/14.0/bin/MSBuild.exe" "cmTC_1075b.vcxproj" "/p:Configuration=Debug" "/p:VisualStudioVersion=14.0"
Microsoft (R) 生成引擎版本 14.0.24720.0
版权所有(C) Microsoft Corporation。保留所有权利。

生成启动时间为 2018/5/9 17:24:45。
项目中不存在 BeforeTargets 特性中的“C:\Program Files (x86)\MSBuild\Microsoft\NuGet\Microsoft.NuGet.targets (186,61)”位置列出的目标“BeforeGenerateProjectPriFile”，将忽略该目标。
节点 1 上的项目“E:\Study\nanomsg-1.1.2\nanomsg-1.1.2\build\CMakeFiles\CMakeTmp\cmTC_1075b.vcxproj”(默认目标)。
PrepareForBuild:
  正在创建目录“cmTC_1075b.dir\Debug\”。
  正在创建目录“E:\Study\nanomsg-1.1.2\nanomsg-1.1.2\build\CMakeFiles\CMakeTmp\Debug\”。
  正在创建目录“cmTC_1075b.dir\Debug\cmTC_1075b.tlog\”。
InitializeBuildStatus:
  正在创建“cmTC_1075b.dir\Debug\cmTC_1075b.tlog\unsuccessfulbuild”，因为已指定“AlwaysCreate”。
ClCompile:
  D:\Program Files (x86)\Microsoft Visual Studio 14.0\VC\bin\CL.exe /c /Zi /W3 /WX- /Od /Ob0 /Oy- /D WIN32 /D _WINDOWS /D NN_HAVE_GCC_ATOMIC_BUILTINS /D _WIN32_WINNT=0x0600 /D "CMAKE_INTDIR=\"Debug\"" /D _MBCS /Gm- /RTC1 /MDd /GS /fp:precise /Zc:wchar_t /Zc:forScope /Zc:inline /Fo"cmTC_1075b.dir\Debug\\" /Fd"cmTC_1075b.dir\Debug\vc140.pdb" /Gd /TC /analyze- /errorReport:queue "E:\Study\nanomsg-1.1.2\nanomsg-1.1.2\build\CMakeFiles\CMakeTmp\src.c"
  用于 x86 的 Microsoft (R) C/C++ 优化编译器 19.00.23506 版
  版权所有(C) Microsoft Corporation。保留所有权利。
  
  cl /c /Zi /W3 /WX- /Od /Ob0 /Oy- /D WIN32 /D _WINDOWS /D NN_HAVE_GCC_ATOMIC_BUILTINS /D _WIN32_WINNT=0x0600 /D "CMAKE_INTDIR=\"Debug\"" /D _MBCS /Gm- /RTC1 /MDd /GS /fp:precise /Zc:wchar_t /Zc:forScope /Zc:inline /Fo"cmTC_1075b.dir\Debug\\" /Fd"cmTC_1075b.dir\Debug\vc140.pdb" /Gd /TC /analyze- /errorReport:queue "E:\Study\nanomsg-1.1.2\nanomsg-1.1.2\build\CMakeFiles\CMakeTmp\src.c"
  
  src.c
E:\Study\nanomsg-1.1.2\nanomsg-1.1.2\build\CMakeFiles\CMakeTmp\src.c(6): warning C4013: “__sync_fetch_and_add”未定义；假设外部返回 int [E:\Study\nanomsg-1.1.2\nanomsg-1.1.2\build\CMakeFiles\CMakeTmp\cmTC_1075b.vcxproj]
E:\Study\nanomsg-1.1.2\nanomsg-1.1.2\build\CMakeFiles\CMakeTmp\src.c(7): warning C4013: “__sync_fetch_and_sub”未定义；假设外部返回 int [E:\Study\nanomsg-1.1.2\nanomsg-1.1.2\build\CMakeFiles\CMakeTmp\cmTC_1075b.vcxproj]
Link:
  D:\Program Files (x86)\Microsoft Visual Studio 14.0\VC\bin\link.exe /ERRORREPORT:QUEUE /OUT:"E:\Study\nanomsg-1.1.2\nanomsg-1.1.2\build\CMakeFiles\CMakeTmp\Debug\cmTC_1075b.exe" /INCREMENTAL /NOLOGO kernel32.lib user32.lib gdi32.lib winspool.lib shell32.lib ole32.lib oleaut32.lib uuid.lib comdlg32.lib advapi32.lib /MANIFEST /MANIFESTUAC:"level='asInvoker' uiAccess='false'" /manifest:embed /Debug /PDB:"E:/Study/nanomsg-1.1.2/nanomsg-1.1.2/build/CMakeFiles/CMakeTmp/Debug/cmTC_1075b.pdb" /SUBSYSTEM:CONSOLE /TLBID:1 /DYNAMICBASE /NXCOMPAT /IMPLIB:"E:/Study/nanomsg-1.1.2/nanomsg-1.1.2/build/CMakeFiles/CMakeTmp/Debug/cmTC_1075b.lib" /MACHINE:X86 /SAFESEH  /machine:X86 cmTC_1075b.dir\Debug\src.obj
src.obj : error LNK2019: 无法解析的外部符号 ___sync_fetch_and_add，该符号在函数 _main 中被引用 [E:\Study\nanomsg-1.1.2\nanomsg-1.1.2\build\CMakeFiles\CMakeTmp\cmTC_1075b.vcxproj]
src.obj : error LNK2019: 无法解析的外部符号 ___sync_fetch_and_sub，该符号在函数 _main 中被引用 [E:\Study\nanomsg-1.1.2\nanomsg-1.1.2\build\CMakeFiles\CMakeTmp\cmTC_1075b.vcxproj]
E:\Study\nanomsg-1.1.2\nanomsg-1.1.2\build\CMakeFiles\CMakeTmp\Debug\cmTC_1075b.exe : fatal error LNK1120: 2 个无法解析的外部命令 [E:\Study\nanomsg-1.1.2\nanomsg-1.1.2\build\CMakeFiles\CMakeTmp\cmTC_1075b.vcxproj]
已完成生成项目“E:\Study\nanomsg-1.1.2\nanomsg-1.1.2\build\CMakeFiles\CMakeTmp\cmTC_1075b.vcxproj”(默认目标)的操作 - 失败。

生成失败。

“E:\Study\nanomsg-1.1.2\nanomsg-1.1.2\build\CMakeFiles\CMakeTmp\cmTC_1075b.vcxproj”(默认目标) (1) ->
(ClCompile 目标) -> 
  E:\Study\nanomsg-1.1.2\nanomsg-1.1.2\build\CMakeFiles\CMakeTmp\src.c(6): warning C4013: “__sync_fetch_and_add”未定义；假设外部返回 int [E:\Study\nanomsg-1.1.2\nanomsg-1.1.2\build\CMakeFiles\CMakeTmp\cmTC_1075b.vcxproj]
  E:\Study\nanomsg-1.1.2\nanomsg-1.1.2\build\CMakeFiles\CMakeTmp\src.c(7): warning C4013: “__sync_fetch_and_sub”未定义；假设外部返回 int [E:\Study\nanomsg-1.1.2\nanomsg-1.1.2\build\CMakeFiles\CMakeTmp\cmTC_1075b.vcxproj]


“E:\Study\nanomsg-1.1.2\nanomsg-1.1.2\build\CMakeFiles\CMakeTmp\cmTC_1075b.vcxproj”(默认目标) (1) ->
(Link 目标) -> 
  src.obj : error LNK2019: 无法解析的外部符号 ___sync_fetch_and_add，该符号在函数 _main 中被引用 [E:\Study\nanomsg-1.1.2\nanomsg-1.1.2\build\CMakeFiles\CMakeTmp\cmTC_1075b.vcxproj]
  src.obj : error LNK2019: 无法解析的外部符号 ___sync_fetch_and_sub，该符号在函数 _main 中被引用 [E:\Study\nanomsg-1.1.2\nanomsg-1.1.2\build\CMakeFiles\CMakeTmp\cmTC_1075b.vcxproj]
  E:\Study\nanomsg-1.1.2\nanomsg-1.1.2\build\CMakeFiles\CMakeTmp\Debug\cmTC_1075b.exe : fatal error LNK1120: 2 个无法解析的外部命令 [E:\Study\nanomsg-1.1.2\nanomsg-1.1.2\build\CMakeFiles\CMakeTmp\cmTC_1075b.vcxproj]

    2 个警告
    3 个错误

已用时间 00:00:00.43

Source file was:

    #include <stdint.h>
    int main()
    {
        volatile uint32_t n = 0;
        __sync_fetch_and_add (&n, 1);
        __sync_fetch_and_sub (&n, 1);
        return 0;
    }

